Starting Neo4j import...
Starting Burning Man knowledge graph import...
Creating indexes...
Importing items...
  Imported 1000/54555 items...
  Imported 2000/54555 items...
  Imported 3000/54555 items...
  Imported 4000/54555 items...
  Imported 5000/54555 items...
  Imported 6000/54555 items...
  Imported 7000/54555 items...
  Imported 8000/54555 items...
  Imported 9000/54555 items...
  Imported 10000/54555 items...
  Imported 11000/54555 items...
  Imported 12000/54555 items...
  Imported 13000/54555 items...
  Imported 14000/54555 items...
  Imported 15000/54555 items...
  Imported 16000/54555 items...
  Imported 17000/54555 items...
  Imported 18000/54555 items...
  Imported 19000/54555 items...
  Imported 20000/54555 items...
  Imported 21000/54555 items...
  Imported 22000/54555 items...
  Imported 23000/54555 items...
  Imported 24000/54555 items...
  Imported 25000/54555 items...
  Imported 26000/54555 items...
  Imported 27000/54555 items...
  Imported 28000/54555 items...
  Imported 29000/54555 items...
  Imported 30000/54555 items...
  Imported 31000/54555 items...
  Imported 32000/54555 items...
  Imported 33000/54555 items...
  Imported 34000/54555 items...
  Imported 35000/54555 items...
  Imported 36000/54555 items...
  Imported 37000/54555 items...
  Imported 38000/54555 items...
  Imported 39000/54555 items...
  Imported 40000/54555 items...
  Imported 41000/54555 items...
  Imported 42000/54555 items...
  Imported 43000/54555 items...
  Imported 44000/54555 items...
  Imported 45000/54555 items...
  Imported 46000/54555 items...
  Imported 47000/54555 items...
  Imported 48000/54555 items...
  Imported 49000/54555 items...
  Imported 50000/54555 items...
  Imported 51000/54555 items...
  Imported 52000/54555 items...
  Imported 53000/54555 items...
  Imported 54000/54555 items...
  Imported 54555/54555 items...
Importing pool entities...
  Importing idea pool entities...
  Creating relationships for idea pool...
  Importing relational pool entities...
  Creating relationships for relational pool...
  Importing experience pool entities...
  Creating relationships for experience pool...
  Importing practical pool entities...
  Creating relationships for practical pool...
  Importing evolutionary pool entities...
  Creating relationships for evolutionary pool...
  Importing emanation pool entities...
  Creating relationships for emanation pool...
  Importing manifest pool entities...
  Creating relationships for manifest pool...
Creating cross-entity relationships...
  Created 46072 entity relationships
Import complete!
